<?xml version="1.0" encoding="UTF-8"?>
<!-- Generated by org.testng.reporters.JUnitXMLReporter -->
<testsuite ignored="0" hostname="Stark" failures="4" tests="4" name="Find Car Test Test" time="79.972" errors="0" timestamp="2025-07-16T16:15:45 IST">
  <testcase classname="testcases.FindCarTest" name="findCar" time="27.018">
    <failure type="java.lang.Error" message="Unresolved compilation problem: 
	Syntax error, insert &amp;quot;}&amp;quot; to complete ClassBody
">
      <![CDATA[java.lang.Error: Unresolved compilation problem: 
Syntax error, insert "}" to complete ClassBody

at base.CarBase.<init>(CarBase.java:84)
at base.BasePage.<init>(BasePage.java:12)
at pages.HomePage.<init>(HomePage.java:20)
at testcases.FindCarTest.findCar(FindCarTest.java:20)
at java.base/java.util.ArrayList.forEach(ArrayList.java:1596)
... Removed 25 stack frames]]>
    </failure>
  </testcase> <!-- findCar -->
  <testcase classname="testcases.FindCarTest" name="findCar" time="15.345">
    <failure type="java.lang.Error" message="Unresolved compilation problem: 
	Syntax error, insert &amp;quot;}&amp;quot; to complete ClassBody
">
      <![CDATA[java.lang.Error: Unresolved compilation problem: 
Syntax error, insert "}" to complete ClassBody

at base.CarBase.<init>(CarBase.java:84)
at base.BasePage.<init>(BasePage.java:12)
at pages.HomePage.<init>(HomePage.java:20)
at testcases.FindCarTest.findCar(FindCarTest.java:16)
at java.base/java.util.ArrayList.forEach(ArrayList.java:1596)
... Removed 25 stack frames]]>
    </failure>
  </testcase> <!-- findCar -->
  <testcase classname="testcases.FindCarTest" name="findCar" time="17.385">
    <failure type="java.lang.Error" message="Unresolved compilation problem: 
	Syntax error, insert &amp;quot;}&amp;quot; to complete ClassBody
">
      <![CDATA[java.lang.Error: Unresolved compilation problem: 
Syntax error, insert "}" to complete ClassBody

at base.CarBase.<init>(CarBase.java:84)
at base.BasePage.<init>(BasePage.java:12)
at pages.HomePage.<init>(HomePage.java:20)
at testcases.FindCarTest.findCar(FindCarTest.java:28)
at java.base/java.util.ArrayList.forEach(ArrayList.java:1596)
... Removed 25 stack frames]]>
    </failure>
  </testcase> <!-- findCar -->
  <testcase classname="testcases.FindCarTest" name="findCar" time="14.641">
    <failure type="java.lang.Error" message="Unresolved compilation problem: 
	Syntax error, insert &amp;quot;}&amp;quot; to complete ClassBody
">
      <![CDATA[java.lang.Error: Unresolved compilation problem: 
Syntax error, insert "}" to complete ClassBody

at base.CarBase.<init>(CarBase.java:84)
at base.BasePage.<init>(BasePage.java:12)
at pages.HomePage.<init>(HomePage.java:20)
at testcases.FindCarTest.findCar(FindCarTest.java:24)
at java.base/java.util.ArrayList.forEach(ArrayList.java:1596)
... Removed 25 stack frames]]>
    </failure>
  </testcase> <!-- findCar -->
</testsuite> <!-- Find Car Test Test -->
